<?xml version="1.0" encoding="UTF-8"?>
<!-- Generated by org.testng.reporters.JUnitXMLReporter -->
<testsuite ignored="0" hostname="ATMECSINLT-085" failures="1" tests="1" name="Test validate FIREFOXcom.atmecs.sample.testscripts.TestVerifyCanvas" time="25.712" errors="0" timestamp="31 Oct 2019 13:58:43 GMT">
  <testcase classname="com.atmecs.sample.extentreport.Extent" name="@AfterMethod tearDown" time="0.0">
    <failure type="java.lang.NullPointerException">
      <![CDATA[java.lang.NullPointerException
at com.atmecs.sample.extentreport.Extent.tearDown(Extent.java:63)
at com.atmecs.sample.testscripts.TestNGMethod.xmlsuite(TestNGMethod.java:62)
... Removed 50 stack frames]]>
    </failure>
  </testcase> <!-- @AfterMethod tearDown -->
  <testcase classname="com.atmecs.sample.testscripts.TestVerifyCanvas" name="verifyModel" time="10.141">
    <failure type="java.lang.IndexOutOfBoundsException" message="Index 23 out of bounds for length 1">
      <![CDATA[java.lang.IndexOutOfBoundsException: Index 23 out of bounds for length 1
at java.base/jdk.internal.util.Preconditions.outOfBounds(Preconditions.java:64)
at java.base/jdk.internal.util.Preconditions.outOfBoundsCheckIndex(Preconditions.java:70)
at java.base/jdk.internal.util.Preconditions.checkIndex(Preconditions.java:248)
at java.base/java.util.Objects.checkIndex(Objects.java:372)
at java.base/java.util.ArrayList.get(ArrayList.java:458)
at com.atmecs.sample.testscripts.TestVerifyCanvas.verifyModel(TestVerifyCanvas.java:48)
at com.atmecs.sample.testscripts.TestNGMethod.xmlsuite(TestNGMethod.java:62)
... Removed 47 stack frames]]>
    </failure>
  </testcase> <!-- verifyModel -->
</testsuite> <!-- Test validate FIREFOXcom.atmecs.sample.testscripts.TestVerifyCanvas -->
