<?xml version="1.0" encoding="UTF-8"?>
<!-- Generated by org.testng.reporters.JUnitXMLReporter -->
<testsuite ignored="0" hostname="ATMECSINLT-085" failures="0" tests="1" name="Test validate CHROMEcom.atmecs.sample.testscripts.TestVerifyPhpTravels" time="327.898" errors="0" timestamp="31 Oct 2019 12:20:58 GMT">
  <testcase classname="com.atmecs.sample.testscripts.TestVerifyPhpTravels" name="verifyPhpTravels" time="13.541"/>
</testsuite> <!-- Test validate CHROMEcom.atmecs.sample.testscripts.TestVerifyPhpTravels -->
