<?xml version="1.0" encoding="UTF-8"?>
<!-- Generated by org.testng.reporters.JUnitXMLReporter -->
<testsuite ignored="0" hostname="ATMECSINLT-085" failures="0" tests="1" name="Test validate CHROMEcom.atmecs.sample.testscripts.TestVerifyCanvas" time="26.821" errors="0" timestamp="31 Oct 2019 15:17:04 GMT">
  <testcase classname="com.atmecs.sample.extentreport.Extent" name="@AfterMethod tearDown" time="0.006">
    <failure type="java.lang.NullPointerException">
      <![CDATA[java.lang.NullPointerException
at com.atmecs.sample.extentreport.Extent.tearDown(Extent.java:75)
at java.base/java.util.concurrent.FutureTask.run(FutureTask.java:264)
at java.base/java.util.concurrent.ThreadPoolExecutor.runWorker(ThreadPoolExecutor.java:1128)
at java.base/java.util.concurrent.ThreadPoolExecutor$Worker.run(ThreadPoolExecutor.java:628)
at java.base/java.lang.Thread.run(Thread.java:835)
... Removed 19 stack frames]]>
    </failure>
  </testcase> <!-- @AfterMethod tearDown -->
  <testcase classname="com.atmecs.sample.testscripts.TestVerifyCanvas" name="verifyModel" time="12.293"/>
</testsuite> <!-- Test validate CHROMEcom.atmecs.sample.testscripts.TestVerifyCanvas -->
