<?xml version="1.0" encoding="UTF-8"?>
<testng-results ignored="0" total="1" passed="1" failed="0" skipped="0">
  <reporter-output>
  </reporter-output>
  <suite started-at="2019-10-31T15:16:36Z" name="Default suite" finished-at="2019-10-31T15:17:05Z" duration-ms="29214">
    <groups>
    </groups>
    <test started-at="2019-10-31T15:16:36Z" name="Default test" finished-at="2019-10-31T15:17:05Z" duration-ms="29214">
      <class name="com.atmecs.sample.testscripts.TestNGMethod">
        <test-method signature="xmlsuite()[pri:0, instance:com.atmecs.sample.testscripts.TestNGMethod@327b636c]" started-at="2019-10-31T15:16:36Z" name="xmlsuite" finished-at="2019-10-31T15:17:05Z" duration-ms="29144" status="PASS">
          <reporter-output>
          </reporter-output>
        </test-method> <!-- xmlsuite -->
      </class> <!-- com.atmecs.sample.testscripts.TestNGMethod -->
    </test> <!-- Default test -->
  </suite> <!-- Default suite -->
</testng-results>
